GROUP,PACKAGE,CLASS,INSTRUCTION_MISSED,INSTRUCTION_COVERED,BRANCH_MISSED,BRANCH_COVERED,LINE_MISSED,LINE_COVERED,COMPLEXITY_MISSED,COMPLEXITY_COVERED,METHOD_MISSED,METHOD_COVERED
myproject_g2_5,edu.uga.miage.m1.polygons.gui,DrawingPanel,0,28,0,2,0,9,0,3,0,2
myproject_g2_5,edu.uga.miage.m1.polygons.gui,JDrawingFrame,520,358,79,8,124,85,65,7,21,6
myproject_g2_5,edu.uga.miage.m1.polygons.gui,GUIHelper.new WindowAdapter() {...},6,0,0,0,3,0,2,0,2,0
myproject_g2_5,edu.uga.miage.m1.polygons.gui,App,6,0,0,0,3,0,2,0,2,0
myproject_g2_5,edu.uga.miage.m1.polygons.gui,JDrawingFrame.Shapes,0,27,0,0,0,2,0,1,0,1
myproject_g2_5,edu.uga.miage.m1.polygons.gui,JDrawingFrame.ShapeActionListener,3,45,1,3,1,10,1,3,0,2
myproject_g2_5,edu.uga.miage.m1.polygons.gui,GUIHelper,18,0,0,0,6,0,1,0,1,0
myproject_g2_5,edu.uga.miage.m1.polygons.gui.persistence,JSonVisitor,14,44,0,0,3,10,2,6,2,6
myproject_g2_5,edu.uga.miage.m1.polygons.gui.persistence,XMLVisitor,14,58,0,0,3,10,2,6,2,6
myproject_g2_5,edu.uga.miage.m1.polygons.gui.command,MoveShapeCommand,23,0,0,0,8,0,2,0,2,0
myproject_g2_5,edu.uga.miage.m1.polygons.gui.command,AddShapeCommand,20,0,0,0,8,0,3,0,3,0
myproject_g2_5,edu.uga.miage.m1.polygons.gui.command,CommandInvoker,11,6,0,0,4,3,3,1,3,1
myproject_g2_5,edu.uga.miage.m1.polygons.gui.command,UndoShapeCommand,11,6,0,0,4,3,3,1,3,1
myproject_g2_5,edu.uga.miage.m1.polygons.gui.shapes,Triangle,245,33,6,0,31,10,8,4,5,4
myproject_g2_5,edu.uga.miage.m1.polygons.gui.shapes,Square,142,33,4,0,22,10,7,4,5,4
myproject_g2_5,edu.uga.miage.m1.polygons.gui.shapes,Cube,106,0,4,0,25,0,11,0,9,0
myproject_g2_5,edu.uga.miage.m1.polygons.gui.shapes,SimpleShape,9,0,0,0,2,0,1,0,1,0
myproject_g2_5,edu.uga.miage.m1.polygons.gui.shapes,Circle,77,98,4,0,13,19,6,5,4,5
