GROUP,PACKAGE,CLASS,INSTRUCTION_MISSED,INSTRUCTION_COVERED,BRANCH_MISSED,BRANCH_COVERED,LINE_MISSED,LINE_COVERED,COMPLEXITY_MISSED,COMPLEXITY_COVERED,METHOD_MISSED,METHOD_COVERED
myproject_g2_5,edu.uga.miage.m1.polygons.gui,DrawingPanel,0,28,0,2,0,9,0,3,0,2
myproject_g2_5,edu.uga.miage.m1.polygons.gui,JDrawingFrame,717,406,99,8,164,97,87,8,33,7
myproject_g2_5,edu.uga.miage.m1.polygons.gui,GUIHelper.new WindowAdapter() {...},6,0,0,0,3,0,2,0,2,0
myproject_g2_5,edu.uga.miage.m1.polygons.gui,App,6,0,0,0,3,0,2,0,2,0
myproject_g2_5,edu.uga.miage.m1.polygons.gui,JDrawingFrame.Shapes,0,27,0,0,0,2,0,1,0,1
myproject_g2_5,edu.uga.miage.m1.polygons.gui,JDrawingFrame.ShapeActionListener,3,45,1,3,1,10,1,3,0,2
myproject_g2_5,edu.uga.miage.m1.polygons.gui,JDrawingFrame.ImportActionListener,9,6,2,0,3,1,2,1,1,1
myproject_g2_5,edu.uga.miage.m1.polygons.gui,GUIHelper,18,0,0,0,6,0,1,0,1,0
myproject_g2_5,edu.uga.miage.m1.polygons.gui.command,AddSquareCommand,30,0,0,0,9,0,6,0,6,0
myproject_g2_5,edu.uga.miage.m1.polygons.gui.command,AddCircleCommand,30,0,0,0,9,0,6,0,6,0
myproject_g2_5,edu.uga.miage.m1.polygons.gui.command,MoveShapeCommand,20,0,0,0,7,0,2,0,2,0
myproject_g2_5,edu.uga.miage.m1.polygons.gui.command,AddTriangleCommand,30,0,0,0,9,0,6,0,6,0
myproject_g2_5,edu.uga.miage.m1.polygons.gui.command,AddShapeCommand,20,0,0,0,8,0,3,0,3,0
myproject_g2_5,edu.uga.miage.m1.polygons.gui.command,CommandInvoker,11,6,0,0,4,3,3,1,3,1
myproject_g2_5,edu.uga.miage.m1.polygons.gui.command,UndoShapeCommand,11,6,0,0,4,3,3,1,3,1
