GROUP,PACKAGE,CLASS,INSTRUCTION_MISSED,INSTRUCTION_COVERED,BRANCH_MISSED,BRANCH_COVERED,LINE_MISSED,LINE_COVERED,COMPLEXITY_MISSED,COMPLEXITY_COVERED,METHOD_MISSED,METHOD_COVERED
myproject_g2_5,edu.uga.miage.m1.polygons.gui,GUIHelper.new WindowAdapter() {...},6,0,0,0,3,0,2,0,2,0
myproject_g2_5,edu.uga.miage.m1.polygons.gui,JDrawingFrame.ShapeActionListener,3,45,1,3,1,10,1,3,0,2
myproject_g2_5,edu.uga.miage.m1.polygons.gui,DrawingPanel,0,28,0,2,0,9,0,3,0,2
myproject_g2_5,edu.uga.miage.m1.polygons.gui,JDrawingFrame,717,406,99,8,164,97,87,8,33,7
myproject_g2_5,edu.uga.miage.m1.polygons.gui,App,6,0,0,0,3,0,2,0,2,0
myproject_g2_5,edu.uga.miage.m1.polygons.gui,JDrawingFrame.Shapes,0,27,0,0,0,2,0,1,0,1
myproject_g2_5,edu.uga.miage.m1.polygons.gui,JDrawingFrame.ImportActionListener,9,6,2,0,3,1,2,1,1,1
myproject_g2_5,edu.uga.miage.m1.polygons.gui,GUIHelper,18,0,0,0,6,0,1,0,1,0
myproject_g2_5,edu.uga.miage.m1.polygons.gui.persistence,JSonVisitor,14,44,0,0,3,10,2,6,2,6
myproject_g2_5,edu.uga.miage.m1.polygons.gui.persistence,ImportShapeJson,108,0,7,0,24,0,8,0,3,0
myproject_g2_5,edu.uga.miage.m1.polygons.gui.persistence,XMLVisitor,14,58,0,0,3,10,2,6,2,6
myproject_g2_5,edu.uga.miage.m1.polygons.gui.command,AddCircleCommand,30,0,0,0,9,0,6,0,6,0
myproject_g2_5,edu.uga.miage.m1.polygons.gui.command,AddShapeCommand,20,0,0,0,8,0,3,0,3,0
myproject_g2_5,edu.uga.miage.m1.polygons.gui.command,AddSquareCommand,30,0,0,0,9,0,6,0,6,0
myproject_g2_5,edu.uga.miage.m1.polygons.gui.command,MoveShapeCommand,20,0,0,0,7,0,2,0,2,0
myproject_g2_5,edu.uga.miage.m1.polygons.gui.command,AddTriangleCommand,30,0,0,0,9,0,6,0,6,0
myproject_g2_5,edu.uga.miage.m1.polygons.gui.command,CommandInvoker,11,6,0,0,4,3,3,1,3,1
myproject_g2_5,edu.uga.miage.m1.polygons.gui.command,UndoShapeCommand,11,6,0,0,4,3,3,1,3,1
myproject_g2_5,edu.uga.miage.m1.polygons.gui.shapes,GroupeShape,79,0,2,0,21,0,11,0,10,0
myproject_g2_5,edu.uga.miage.m1.polygons.gui.shapes,Triangle,248,94,4,2,29,22,21,7,18,7
myproject_g2_5,edu.uga.miage.m1.polygons.gui.shapes,Square,145,94,2,2,20,22,20,7,18,7
myproject_g2_5,edu.uga.miage.m1.polygons.gui.shapes,Cube,170,0,4,0,35,0,27,0,25,0
myproject_g2_5,edu.uga.miage.m1.polygons.gui.shapes,Circle,80,159,2,2,11,31,19,8,17,8
