GROUP,PACKAGE,CLASS,INSTRUCTION_MISSED,INSTRUCTION_COVERED,BRANCH_MISSED,BRANCH_COVERED,LINE_MISSED,LINE_COVERED,COMPLEXITY_MISSED,COMPLEXITY_COVERED,METHOD_MISSED,METHOD_COVERED
myproject_g2_5,edu.uga.miage.m1.polygons.gui,DrawingPanel,22,6,2,0,6,3,2,1,1,1
myproject_g2_5,edu.uga.miage.m1.polygons.gui,JDrawingFrame,345,259,35,5,90,56,38,4,18,3
myproject_g2_5,edu.uga.miage.m1.polygons.gui,GUIHelper.new WindowAdapter() {...},6,0,0,0,3,0,2,0,2,0
myproject_g2_5,edu.uga.miage.m1.polygons.gui,App,6,0,0,0,3,0,2,0,2,0
myproject_g2_5,edu.uga.miage.m1.polygons.gui,JDrawingFrame.Shapes,0,21,0,0,0,2,0,1,0,1
myproject_g2_5,edu.uga.miage.m1.polygons.gui,JDrawingFrame.ShapeActionListener,3,45,1,3,1,10,1,3,0,2
myproject_g2_5,edu.uga.miage.m1.polygons.gui,GUIHelper,18,0,0,0,6,0,1,0,1,0
myproject_g2_5,edu.uga.miage.m1.polygons.gui.persistence,JSonVisitor,10,34,0,0,2,9,1,5,1,5
myproject_g2_5,edu.uga.miage.m1.polygons.gui.persistence,XMLVisitor,0,58,0,0,0,11,0,6,0,6
myproject_g2_5,edu.uga.miage.m1.polygons.gui.command,AddSquareCommand,16,0,0,0,6,0,2,0,2,0
myproject_g2_5,edu.uga.miage.m1.polygons.gui.command,AddCircleCommand,16,0,0,0,6,0,2,0,2,0
myproject_g2_5,edu.uga.miage.m1.polygons.gui.command,AddTriangleCommand,16,0,0,0,6,0,2,0,2,0
myproject_g2_5,edu.uga.miage.m1.polygons.gui.command,CommandInvoker,4,6,0,0,2,3,1,1,1,1
myproject_g2_5,edu.uga.miage.m1.polygons.gui.command,UndoShapeCommand,4,6,0,0,2,3,1,1,1,1
myproject_g2_5,edu.uga.miage.m1.polygons.gui.shapes,Triangle,134,19,2,0,18,6,3,3,2,3
myproject_g2_5,edu.uga.miage.m1.polygons.gui.shapes,Square,69,19,0,0,11,6,2,3,2,3
myproject_g2_5,edu.uga.miage.m1.polygons.gui.shapes,Circle,69,19,0,0,11,6,2,3,2,3
