GROUP,PACKAGE,CLASS,INSTRUCTION_MISSED,INSTRUCTION_COVERED,BRANCH_MISSED,BRANCH_COVERED,LINE_MISSED,LINE_COVERED,COMPLEXITY_MISSED,COMPLEXITY_COVERED,METHOD_MISSED,METHOD_COVERED
myproject_g2_5,edu.uga.miage.m1.polygons.gui,DrawingPanel,0,28,0,2,0,9,0,3,0,2
myproject_g2_5,edu.uga.miage.m1.polygons.gui,JDrawingFrame,292,317,33,7,71,76,36,7,16,6
myproject_g2_5,edu.uga.miage.m1.polygons.gui,GUIHelper.new WindowAdapter() {...},6,0,0,0,3,0,2,0,2,0
myproject_g2_5,edu.uga.miage.m1.polygons.gui,App,6,0,0,0,3,0,2,0,2,0
myproject_g2_5,edu.uga.miage.m1.polygons.gui,JDrawingFrame.Shapes,0,21,0,0,0,2,0,1,0,1
myproject_g2_5,edu.uga.miage.m1.polygons.gui,JDrawingFrame.ShapeActionListener,3,45,1,3,1,10,1,3,0,2
myproject_g2_5,edu.uga.miage.m1.polygons.gui,GUIHelper,18,0,0,0,6,0,1,0,1,0
myproject_g2_5,edu.uga.miage.m1.polygons.gui.persistence,JSonVisitor,4,44,0,0,1,10,1,6,1,6
myproject_g2_5,edu.uga.miage.m1.polygons.gui.persistence,XMLVisitor,4,58,0,0,1,10,1,6,1,6
myproject_g2_5,edu.uga.miage.m1.polygons.gui.command,AddSquareCommand,30,0,0,0,9,0,6,0,6,0
myproject_g2_5,edu.uga.miage.m1.polygons.gui.command,AddCircleCommand,30,0,0,0,9,0,6,0,6,0
myproject_g2_5,edu.uga.miage.m1.polygons.gui.command,AddTriangleCommand,30,0,0,0,9,0,6,0,6,0
myproject_g2_5,edu.uga.miage.m1.polygons.gui.command,CommandInvoker,11,6,0,0,4,3,3,1,3,1
myproject_g2_5,edu.uga.miage.m1.polygons.gui.command,UndoShapeCommand,11,6,0,0,4,3,3,1,3,1
myproject_g2_5,edu.uga.miage.m1.polygons.gui.shapes,Triangle,130,23,2,0,16,8,2,4,1,4
myproject_g2_5,edu.uga.miage.m1.polygons.gui.shapes,Square,65,23,0,0,9,8,1,4,1,4
myproject_g2_5,edu.uga.miage.m1.polygons.gui.shapes,Circle,0,88,0,0,0,17,0,5,0,5
