<?xml version="1.0" encoding="UTF-8"?>
<testsuite xmlns:xsi="http://www.w3.org/2001/XMLSchema-instance" xsi:noNamespaceSchemaLocation="https://maven.apache.org/surefire/maven-surefire-plugin/xsd/surefire-test-report-3.0.xsd" version="3.0" name="TriangleTest" time="0.016" tests="4" errors="0" skipped="0" failures="0">
  <properties>
[...]
</properties>
  <testcase name="testAcceptJSON" classname="TriangleTest" time="0.001"/>
  <testcase name="testAcceptXML" classname="TriangleTest" time="0.001"/>
  <testcase name="testTriangleGetX" classname="TriangleTest" time="0.001"/>
  <testcase name="testTriangleGetY" classname="TriangleTest" time="0"/>
</testsuite>